#
# There is insufficient memory for the Java Runtime Environment to continue.
# Native memory allocation (malloc) failed to allocate 237456 bytes for Chunk::new
# Possible reasons:
#   The system is out of physical RAM or swap space
#   The process is running with CompressedOops enabled, and the Java Heap may be blocking the growth of the native heap
# Possible solutions:
#   Reduce memory load on the system
#   Increase physical memory or swap space
#   Check if swap backing store is full
#   Decrease Java heap size (-Xmx/-Xms)
#   Decrease number of Java threads
#   Decrease Java thread stack sizes (-Xss)
#   Set larger code cache with -XX:ReservedCodeCacheSize=
#   JVM is running with Zero Based Compressed Oops mode in which the Java heap is
#     placed in the first 32GB address space. The Java Heap base address is the
#     maximum limit for the native heap growth. Please use -XX:HeapBaseMinAddress
#     to set the Java Heap base and to place the Java Heap above 32GB virtual address.
# This output file may be truncated or incomplete.
#
#  Out of Memory Error (./open/src/hotspot/share/memory/arena.cpp:197), pid=18744, tid=7140
#
# JRE version: Java(TM) SE Runtime Environment 18.9 (11.0.16.1+1) (build 11.0.16.1+1-LTS-1)
# Java VM: Java HotSpot(TM) 64-Bit Server VM 18.9 (11.0.16.1+1-LTS-1, mixed mode, tiered, compressed oops, g1 gc, windows-amd64)
# No core dump will be written. Minidumps are not enabled by default on client versions of Windows
#

---------------  S U M M A R Y ------------

Command Line: -ea -Didea.test.cyclic.buffer.size=1048576 -javaagent:D:\IntelliJ IDEA Community Edition 2022.2\lib\idea_rt.jar=54934:D:\IntelliJ IDEA Community Edition 2022.2\bin -Dfile.encoding=UTF-8 com.intellij.rt.testng.RemoteTestNGStarter -usedefaultlisteners false -socket54933 @w@C:\Users\Asus\AppData\Local\Temp\idea_working_dirs_testng.tmp -temp C:\Users\Asus\AppData\Local\Temp\idea_testng.tmp

Host: AMD Ryzen 7 4800H with Radeon Graphics         , 16 cores, 15G,  Windows 10 , 64 bit Build 19041 (10.0.19041.2364)
Time: Fri Jan 13 20:32:58 2023  Windows 10 , 64 bit Build 19041 (10.0.19041.2364) elapsed time: 1.698861 seconds (0d 0h 0m 1s)

---------------  T H R E A D  ---------------

Current thread (0x000002332b771800):  JavaThread "C2 CompilerThread2" daemon [_thread_in_native, id=7140, stack(0x00000089c4c00000,0x00000089c4d00000)]


Current CompileTask:
C2:   1698 1980  s!   4       jdk.internal.loader.URLClassPath::getLoader (194 bytes)

Stack: [0x00000089c4c00000,0x00000089c4d00000]
Native frames: (J=compiled Java code, j=interpreted, Vv=VM code, C=native code)
V  [jvm.dll+0x62a3da]
V  [jvm.dll+0x76407f]
V  [jvm.dll+0x765729]
V  [jvm.dll+0x765db3]
V  [jvm.dll+0x23dc18]
V  [jvm.dll+0xb2a1c]
V  [jvm.dll+0xb2fdc]
V  [jvm.dll+0x341497]
V  [jvm.dll+0x18ce11]
V  [jvm.dll+0x1f8792]
V  [jvm.dll+0x1f786d]
V  [jvm.dll+0x177c81]
V  [jvm.dll+0x207186]
V  [jvm.dll+0x20531b]
V  [jvm.dll+0x729f60]
V  [jvm.dll+0x722b34]
V  [jvm.dll+0x629276]
C  [ucrtbase.dll+0x21bb2]
C  [KERNEL32.DLL+0x17614]
C  [ntdll.dll+0x526a1]


---------------  P R O C E S S  ---------------

Threads class SMR info:
_java_thread_list=0x000002332a3d09f0, length=26, elements={
0x00000233065fd800, 0x0000023329950000, 0x0000023329951000, 0x000002332a255800,
0x000002332a25a000, 0x000002332a25b000, 0x000002332a266000, 0x000002332a269000,
0x000002332a273000, 0x000002332a1e0800, 0x000002332a3d7800, 0x000002332a3da800,
0x000002332a3df800, 0x000002332a68c000, 0x000002332b1d5000, 0x000002332b761000,
0x000002332bb9b800, 0x000002332b771800, 0x000002332b6a6000, 0x000002332b985800,
0x000002332b8e0800, 0x000002332b7a5000, 0x000002332b7a6000, 0x000002332bb47800,
0x000002332bb4a000, 0x000002332ba9e000
}

Java Threads: ( => current thread )
  0x00000233065fd800 JavaThread "Forwarding newSession on session null to remote" [_thread_in_native, id=18492, stack(0x00000089c3000000,0x00000089c3100000)]
  0x0000023329950000 JavaThread "Reference Handler" daemon [_thread_blocked, id=16812, stack(0x00000089c3700000,0x00000089c3800000)]
  0x0000023329951000 JavaThread "Finalizer" daemon [_thread_blocked, id=17592, stack(0x00000089c3800000,0x00000089c3900000)]
  0x000002332a255800 JavaThread "Signal Dispatcher" daemon [_thread_blocked, id=15484, stack(0x00000089c3900000,0x00000089c3a00000)]
  0x000002332a25a000 JavaThread "Attach Listener" daemon [_thread_blocked, id=16564, stack(0x00000089c3a00000,0x00000089c3b00000)]
  0x000002332a25b000 JavaThread "Service Thread" daemon [_thread_blocked, id=13108, stack(0x00000089c3b00000,0x00000089c3c00000)]
  0x000002332a266000 JavaThread "C2 CompilerThread0" daemon [_thread_blocked, id=15528, stack(0x00000089c3c00000,0x00000089c3d00000)]
  0x000002332a269000 JavaThread "C1 CompilerThread0" daemon [_thread_blocked, id=8360, stack(0x00000089c3d00000,0x00000089c3e00000)]
  0x000002332a273000 JavaThread "Sweeper thread" daemon [_thread_blocked, id=20344, stack(0x00000089c3e00000,0x00000089c3f00000)]
  0x000002332a1e0800 JavaThread "Common-Cleaner" daemon [_thread_blocked, id=12332, stack(0x00000089c3f00000,0x00000089c4000000)]
  0x000002332a3d7800 JavaThread "C1 CompilerThread1" daemon [_thread_blocked, id=20184, stack(0x00000089c4000000,0x00000089c4100000)]
  0x000002332a3da800 JavaThread "C1 CompilerThread2" daemon [_thread_blocked, id=3844, stack(0x00000089c4100000,0x00000089c4200000)]
  0x000002332a3df800 JavaThread "C1 CompilerThread3" daemon [_thread_blocked, id=15940, stack(0x00000089c4200000,0x00000089c4300000)]
  0x000002332a68c000 JavaThread "Monitor Ctrl-Break" daemon [_thread_in_native, id=16976, stack(0x00000089c4400000,0x00000089c4500000)]
  0x000002332b1d5000 JavaThread "ForkJoinPool.commonPool-worker-19" daemon [_thread_blocked, id=8048, stack(0x00000089c4300000,0x00000089c4400000)]
  0x000002332b761000 JavaThread "AsyncHttpClient-1-1" daemon [_thread_blocked, id=1216, stack(0x00000089c4a00000,0x00000089c4b00000)]
  0x000002332bb9b800 JavaThread "C2 CompilerThread1" daemon [_thread_in_native, id=19100, stack(0x00000089c4b00000,0x00000089c4c00000)]
=>0x000002332b771800 JavaThread "C2 CompilerThread2" daemon [_thread_in_native, id=7140, stack(0x00000089c4c00000,0x00000089c4d00000)]
  0x000002332b6a6000 JavaThread "C2 CompilerThread3" daemon [_thread_in_native, id=18964, stack(0x00000089c4d00000,0x00000089c4e00000)]
  0x000002332b985800 JavaThread "Exec Default Executor" daemon [_thread_in_native, id=12132, stack(0x00000089c5000000,0x00000089c5100000)]
  0x000002332b8e0800 JavaThread "Exec Stream Pumper" daemon [_thread_in_native, id=19828, stack(0x00000089c5100000,0x00000089c5200000)]
  0x000002332b7a5000 JavaThread "Exec Stream Pumper" daemon [_thread_in_native, id=19940, stack(0x00000089c5200000,0x00000089c5300000)]
  0x000002332b7a6000 JavaThread "Driver Service Executor" daemon [_thread_blocked, id=20368, stack(0x00000089c5300000,0x00000089c5400000)]
  0x000002332bb47800 JavaThread "Driver Service Executor" daemon [_thread_blocked, id=17708, stack(0x00000089c5400000,0x00000089c5500000)]
  0x000002332bb4a000 JavaThread "UrlChecker-2" daemon [_thread_blocked, id=9396, stack(0x00000089c5500000,0x00000089c5600000)]
  0x000002332ba9e000 JavaThread "Keep-Alive-Timer" daemon [_thread_blocked, id=20244, stack(0x00000089c5700000,0x00000089c5800000)]

Other Threads:
  0x000002332994e000 VMThread "VM Thread" [stack: 0x00000089c3600000,0x00000089c3700000] [id=19236]
  0x000002332a691000 WatcherThread [stack: 0x00000089c4500000,0x00000089c4600000] [id=3496]
  0x0000023306613800 GCTaskThread "GC Thread#0" [stack: 0x00000089c3100000,0x00000089c3200000] [id=17864]
  0x000002332b0c0000 GCTaskThread "GC Thread#1" [stack: 0x00000089c4600000,0x00000089c4700000] [id=15372]
  0x000002332b6e4000 GCTaskThread "GC Thread#2" [stack: 0x00000089c4700000,0x00000089c4800000] [id=4208]
  0x000002332b6e4800 GCTaskThread "GC Thread#3" [stack: 0x00000089c4800000,0x00000089c4900000] [id=18044]
  0x000002332ac00800 GCTaskThread "GC Thread#4" [stack: 0x00000089c4900000,0x00000089c4a00000] [id=18704]
  0x000002330666e000 ConcurrentGCThread "G1 Main Marker" [stack: 0x00000089c3200000,0x00000089c3300000] [id=19820]
  0x0000023306671800 ConcurrentGCThread "G1 Conc#0" [stack: 0x00000089c3300000,0x00000089c3400000] [id=15924]
  0x000002332b1dc800 ConcurrentGCThread "G1 Conc#1" [stack: 0x00000089c4e00000,0x00000089c4f00000] [id=17100]
  0x000002332aeec000 ConcurrentGCThread "G1 Conc#2" [stack: 0x00000089c4f00000,0x00000089c5000000] [id=9684]
  0x0000023329823800 ConcurrentGCThread "G1 Refine#0" [stack: 0x00000089c3400000,0x00000089c3500000] [id=6648]
  0x0000023329824800 ConcurrentGCThread "G1 Young RemSet Sampling" [stack: 0x00000089c3500000,0x00000089c3600000] [id=20472]

Threads with active compile tasks:
C2 CompilerThread1     1721 1983       4       java.lang.invoke.MethodType::makeImpl (108 bytes)
C2 CompilerThread2     1722 1980  s!   4       jdk.internal.loader.URLClassPath::getLoader (194 bytes)
C2 CompilerThread3     1722 1997       4       java.util.regex.Matcher::search (154 bytes)

VM state:not at safepoint (normal execution)

VM Mutex/Monitor currently owned by a thread: None

Heap address: 0x0000000709200000, size: 3950 MB, Compressed Oops mode: Zero based, Oop shift amount: 3
Narrow klass base: 0x0000000800000000, Narrow klass shift: 0
Compressed class space size: 1073741824 Address: 0x0000000800000000

Heap:
 garbage-first heap   total 253952K, used 21664K [0x0000000709200000, 0x0000000800000000)
  region size 1024K, 20 young (20480K), 6 survivors (6144K)
 Metaspace       used 23414K, capacity 24022K, committed 24192K, reserved 1077248K
  class space    used 2608K, capacity 2884K, committed 2944K, reserved 1048576K
Heap Regions: E=young(eden), S=young(survivor), O=old, HS=humongous(starts), HC=humongous(continues), CS=collection set, F=free, A=archive, TAMS=top-at-mark-start (previous, next)
|   0|0x0000000709200000, 0x0000000709300000, 0x0000000709300000|100%| O|  |TAMS 0x0000000709300000, 0x0000000709200000| Untracked 
|   1|0x0000000709300000, 0x0000000709400000, 0x0000000709400000|100%| O|  |TAMS 0x0000000709400000, 0x0000000709300000| Untracked 
|   2|0x0000000709400000, 0x000000070948f000, 0x0000000709500000| 55%| O|  |TAMS 0x000000070948f000, 0x0000000709400000| Untracked 
|   3|0x0000000709500000, 0x0000000709500000, 0x0000000709600000|  0%| F|  |TAMS 0x0000000709500000, 0x0000000709500000| Untracked 
|   4|0x0000000709600000, 0x0000000709600000, 0x0000000709700000|  0%| F|  |TAMS 0x0000000709600000, 0x0000000709600000| Untracked 
|   5|0x0000000709700000, 0x0000000709700000, 0x0000000709800000|  0%| F|  |TAMS 0x0000000709700000, 0x0000000709700000| Untracked 
|   6|0x0000000709800000, 0x0000000709800000, 0x0000000709900000|  0%| F|  |TAMS 0x0000000709800000, 0x0000000709800000| Untracked 
|   7|0x0000000709900000, 0x0000000709900000, 0x0000000709a00000|  0%| F|  |TAMS 0x0000000709900000, 0x0000000709900000| Untracked 
|   8|0x0000000709a00000, 0x0000000709a00000, 0x0000000709b00000|  0%| F|  |TAMS 0x0000000709a00000, 0x0000000709a00000| Untracked 
|   9|0x0000000709b00000, 0x0000000709b00000, 0x0000000709c00000|  0%| F|  |TAMS 0x0000000709b00000, 0x0000000709b00000| Untracked 
|  10|0x0000000709c00000, 0x0000000709c00000, 0x0000000709d00000|  0%| F|  |TAMS 0x0000000709c00000, 0x0000000709c00000| Untracked 
|  11|0x0000000709d00000, 0x0000000709d00000, 0x0000000709e00000|  0%| F|  |TAMS 0x0000000709d00000, 0x0000000709d00000| Untracked 
|  12|0x0000000709e00000, 0x0000000709e00000, 0x0000000709f00000|  0%| F|  |TAMS 0x0000000709e00000, 0x0000000709e00000| Untracked 
|  13|0x0000000709f00000, 0x0000000709f00000, 0x000000070a000000|  0%| F|  |TAMS 0x0000000709f00000, 0x0000000709f00000| Untracked 
|  14|0x000000070a000000, 0x000000070a000000, 0x000000070a100000|  0%| F|  |TAMS 0x000000070a000000, 0x000000070a000000| Untracked 
|  15|0x000000070a100000, 0x000000070a100000, 0x000000070a200000|  0%| F|  |TAMS 0x000000070a100000, 0x000000070a100000| Untracked 
|  16|0x000000070a200000, 0x000000070a200000, 0x000000070a300000|  0%| F|  |TAMS 0x000000070a200000, 0x000000070a200000| Untracked 
|  17|0x000000070a300000, 0x000000070a300000, 0x000000070a400000|  0%| F|  |TAMS 0x000000070a300000, 0x000000070a300000| Untracked 
|  18|0x000000070a400000, 0x000000070a400000, 0x000000070a500000|  0%| F|  |TAMS 0x000000070a400000, 0x000000070a400000| Untracked 
|  19|0x000000070a500000, 0x000000070a500000, 0x000000070a600000|  0%| F|  |TAMS 0x000000070a500000, 0x000000070a500000| Untracked 
|  20|0x000000070a600000, 0x000000070a600000, 0x000000070a700000|  0%| F|  |TAMS 0x000000070a600000, 0x000000070a600000| Untracked 
|  21|0x000000070a700000, 0x000000070a700000, 0x000000070a800000|  0%| F|  |TAMS 0x000000070a700000, 0x000000070a700000| Untracked 
|  22|0x000000070a800000, 0x000000070a800000, 0x000000070a900000|  0%| F|  |TAMS 0x000000070a800000, 0x000000070a800000| Untracked 
|  23|0x000000070a900000, 0x000000070a900000, 0x000000070aa00000|  0%| F|  |TAMS 0x000000070a900000, 0x000000070a900000| Untracked 
|  24|0x000000070aa00000, 0x000000070aa00000, 0x000000070ab00000|  0%| F|  |TAMS 0x000000070aa00000, 0x000000070aa00000| Untracked 
|  25|0x000000070ab00000, 0x000000070ab00000, 0x000000070ac00000|  0%| F|  |TAMS 0x000000070ab00000, 0x000000070ab00000| Untracked 
|  26|0x000000070ac00000, 0x000000070ac00000, 0x000000070ad00000|  0%| F|  |TAMS 0x000000070ac00000, 0x000000070ac00000| Untracked 
|  27|0x000000070ad00000, 0x000000070ad00000, 0x000000070ae00000|  0%| F|  |TAMS 0x000000070ad00000, 0x000000070ad00000| Untracked 
|  28|0x000000070ae00000, 0x000000070ae00000, 0x000000070af00000|  0%| F|  |TAMS 0x000000070ae00000, 0x000000070ae00000| Untracked 
|  29|0x000000070af00000, 0x000000070af00000, 0x000000070b000000|  0%| F|  |TAMS 0x000000070af00000, 0x000000070af00000| Untracked 
|  30|0x000000070b000000, 0x000000070b000000, 0x000000070b100000|  0%| F|  |TAMS 0x000000070b000000, 0x000000070b000000| Untracked 
|  31|0x000000070b100000, 0x000000070b100000, 0x000000070b200000|  0%| F|  |TAMS 0x000000070b100000, 0x000000070b100000| Untracked 
|  32|0x000000070b200000, 0x000000070b200000, 0x000000070b300000|  0%| F|  |TAMS 0x000000070b200000, 0x000000070b200000| Untracked 
|  33|0x000000070b300000, 0x000000070b300000, 0x000000070b400000|  0%| F|  |TAMS 0x000000070b300000, 0x000000070b300000| Untracked 
|  34|0x000000070b400000, 0x000000070b400000, 0x000000070b500000|  0%| F|  |TAMS 0x000000070b400000, 0x000000070b400000| Untracked 
|  35|0x000000070b500000, 0x000000070b500000, 0x000000070b600000|  0%| F|  |TAMS 0x000000070b500000, 0x000000070b500000| Untracked 
|  36|0x000000070b600000, 0x000000070b600000, 0x000000070b700000|  0%| F|  |TAMS 0x000000070b600000, 0x000000070b600000| Untracked 
|  37|0x000000070b700000, 0x000000070b700000, 0x000000070b800000|  0%| F|  |TAMS 0x000000070b700000, 0x000000070b700000| Untracked 
|  38|0x000000070b800000, 0x000000070b800000, 0x000000070b900000|  0%| F|  |TAMS 0x000000070b800000, 0x000000070b800000| Untracked 
|  39|0x000000070b900000, 0x000000070b900000, 0x000000070ba00000|  0%| F|  |TAMS 0x000000070b900000, 0x000000070b900000| Untracked 
|  40|0x000000070ba00000, 0x000000070ba00000, 0x000000070bb00000|  0%| F|  |TAMS 0x000000070ba00000, 0x000000070ba00000| Untracked 
|  41|0x000000070bb00000, 0x000000070bb00000, 0x000000070bc00000|  0%| F|  |TAMS 0x000000070bb00000, 0x000000070bb00000| Untracked 
|  42|0x000000070bc00000, 0x000000070bc00000, 0x000000070bd00000|  0%| F|  |TAMS 0x000000070bc00000, 0x000000070bc00000| Untracked 
|  43|0x000000070bd00000, 0x000000070bd00000, 0x000000070be00000|  0%| F|  |TAMS 0x000000070bd00000, 0x000000070bd00000| Untracked 
|  44|0x000000070be00000, 0x000000070be00000, 0x000000070bf00000|  0%| F|  |TAMS 0x000000070be00000, 0x000000070be00000| Untracked 
|  45|0x000000070bf00000, 0x000000070bf00000, 0x000000070c000000|  0%| F|  |TAMS 0x000000070bf00000, 0x000000070bf00000| Untracked 
|  46|0x000000070c000000, 0x000000070c000000, 0x000000070c100000|  0%| F|  |TAMS 0x000000070c000000, 0x000000070c000000| Untracked 
|  47|0x000000070c100000, 0x000000070c100000, 0x000000070c200000|  0%| F|  |TAMS 0x000000070c100000, 0x000000070c100000| Untracked 
|  48|0x000000070c200000, 0x000000070c200000, 0x000000070c300000|  0%| F|  |TAMS 0x000000070c200000, 0x000000070c200000| Untracked 
|  49|0x000000070c300000, 0x000000070c300000, 0x000000070c400000|  0%| F|  |TAMS 0x000000070c300000, 0x000000070c300000| Untracked 
|  50|0x000000070c400000, 0x000000070c400000, 0x000000070c500000|  0%| F|  |TAMS 0x000000070c400000, 0x000000070c400000| Untracked 
|  51|0x000000070c500000, 0x000000070c500000, 0x000000070c600000|  0%| F|  |TAMS 0x000000070c500000, 0x000000070c500000| Untracked 
|  52|0x000000070c600000, 0x000000070c600000, 0x000000070c700000|  0%| F|  |TAMS 0x000000070c600000, 0x000000070c600000| Untracked 
|  53|0x000000070c700000, 0x000000070c700000, 0x000000070c800000|  0%| F|  |TAMS 0x000000070c700000, 0x000000070c700000| Untracked 
|  54|0x000000070c800000, 0x000000070c800000, 0x000000070c900000|  0%| F|  |TAMS 0x000000070c800000, 0x000000070c800000| Untracked 
|  55|0x000000070c900000, 0x000000070c900000, 0x000000070ca00000|  0%| F|  |TAMS 0x000000070c900000, 0x000000070c900000| Untracked 
|  56|0x000000070ca00000, 0x000000070ca00000, 0x000000070cb00000|  0%| F|  |TAMS 0x000000070ca00000, 0x000000070ca00000| Untracked 
|  57|0x000000070cb00000, 0x000000070cb00000, 0x000000070cc00000|  0%| F|  |TAMS 0x000000070cb00000, 0x000000070cb00000| Untracked 
|  58|0x000000070cc00000, 0x000000070cc00000, 0x000000070cd00000|  0%| F|  |TAMS 0x000000070cc00000, 0x000000070cc00000| Untracked 
|  59|0x000000070cd00000, 0x000000070cd00000, 0x000000070ce00000|  0%| F|  |TAMS 0x000000070cd00000, 0x000000070cd00000| Untracked 
|  60|0x000000070ce00000, 0x000000070ce00000, 0x000000070cf00000|  0%| F|  |TAMS 0x000000070ce00000, 0x000000070ce00000| Untracked 
|  61|0x000000070cf00000, 0x000000070cf00000, 0x000000070d000000|  0%| F|  |TAMS 0x000000070cf00000, 0x000000070cf00000| Untracked 
|  62|0x000000070d000000, 0x000000070d000000, 0x000000070d100000|  0%| F|  |TAMS 0x000000070d000000, 0x000000070d000000| Untracked 
|  63|0x000000070d100000, 0x000000070d100000, 0x000000070d200000|  0%| F|  |TAMS 0x000000070d100000, 0x000000070d100000| Untracked 
|  64|0x000000070d200000, 0x000000070d200000, 0x000000070d300000|  0%| F|  |TAMS 0x000000070d200000, 0x000000070d200000| Untracked 
|  65|0x000000070d300000, 0x000000070d300000, 0x000000070d400000|  0%| F|  |TAMS 0x000000070d300000, 0x000000070d300000| Untracked 
|  66|0x000000070d400000, 0x000000070d400000, 0x000000070d500000|  0%| F|  |TAMS 0x000000070d400000, 0x000000070d400000| Untracked 
|  67|0x000000070d500000, 0x000000070d500000, 0x000000070d600000|  0%| F|  |TAMS 0x000000070d500000, 0x000000070d500000| Untracked 
|  68|0x000000070d600000, 0x000000070d600000, 0x000000070d700000|  0%| F|  |TAMS 0x000000070d600000, 0x000000070d600000| Untracked 
|  69|0x000000070d700000, 0x000000070d700000, 0x000000070d800000|  0%| F|  |TAMS 0x000000070d700000, 0x000000070d700000| Untracked 
|  70|0x000000070d800000, 0x000000070d800000, 0x000000070d900000|  0%| F|  |TAMS 0x000000070d800000, 0x000000070d800000| Untracked 
|  71|0x000000070d900000, 0x000000070d900000, 0x000000070da00000|  0%| F|  |TAMS 0x000000070d900000, 0x000000070d900000| Untracked 
|  72|0x000000070da00000, 0x000000070da00000, 0x000000070db00000|  0%| F|  |TAMS 0x000000070da00000, 0x000000070da00000| Untracked 
|  73|0x000000070db00000, 0x000000070db00000, 0x000000070dc00000|  0%| F|  |TAMS 0x000000070db00000, 0x000000070db00000| Untracked 
|  74|0x000000070dc00000, 0x000000070dc00000, 0x000000070dd00000|  0%| F|  |TAMS 0x000000070dc00000, 0x000000070dc00000| Untracked 
|  75|0x000000070dd00000, 0x000000070dd00000, 0x000000070de00000|  0%| F|  |TAMS 0x000000070dd00000, 0x000000070dd00000| Untracked 
|  76|0x000000070de00000, 0x000000070de00000, 0x000000070df00000|  0%| F|  |TAMS 0x000000070de00000, 0x000000070de00000| Untracked 
|  77|0x000000070df00000, 0x000000070df00000, 0x000000070e000000|  0%| F|  |TAMS 0x000000070df00000, 0x000000070df00000| Untracked 
|  78|0x000000070e000000, 0x000000070e000000, 0x000000070e100000|  0%| F|  |TAMS 0x000000070e000000, 0x000000070e000000| Untracked 
|  79|0x000000070e100000, 0x000000070e100000, 0x000000070e200000|  0%| F|  |TAMS 0x000000070e100000, 0x000000070e100000| Untracked 
|  80|0x000000070e200000, 0x000000070e200000, 0x000000070e300000|  0%| F|  |TAMS 0x000000070e200000, 0x000000070e200000| Untracked 
|  81|0x000000070e300000, 0x000000070e300000, 0x000000070e400000|  0%| F|  |TAMS 0x000000070e300000, 0x000000070e300000| Untracked 
|  82|0x000000070e400000, 0x000000070e400000, 0x000000070e500000|  0%| F|  |TAMS 0x000000070e400000, 0x000000070e400000| Untracked 
|  83|0x000000070e500000, 0x000000070e500000, 0x000000070e600000|  0%| F|  |TAMS 0x000000070e500000, 0x000000070e500000| Untracked 
|  84|0x000000070e600000, 0x000000070e600000, 0x000000070e700000|  0%| F|  |TAMS 0x000000070e600000, 0x000000070e600000| Untracked 
|  85|0x000000070e700000, 0x000000070e700000, 0x000000070e800000|  0%| F|  |TAMS 0x000000070e700000, 0x000000070e700000| Untracked 
|  86|0x000000070e800000, 0x000000070e800000, 0x000000070e900000|  0%| F|  |TAMS 0x000000070e800000, 0x000000070e800000| Untracked 
|  87|0x000000070e900000, 0x000000070e900000, 0x000000070ea00000|  0%| F|  |TAMS 0x000000070e900000, 0x000000070e900000| Untracked 
|  88|0x000000070ea00000, 0x000000070ea00000, 0x000000070eb00000|  0%| F|  |TAMS 0x000000070ea00000, 0x000000070ea00000| Untracked 
|  89|0x000000070eb00000, 0x000000070eb00000, 0x000000070ec00000|  0%| F|  |TAMS 0x000000070eb00000, 0x000000070eb00000| Untracked 
|  90|0x000000070ec00000, 0x000000070ec00000, 0x000000070ed00000|  0%| F|  |TAMS 0x000000070ec00000, 0x000000070ec00000| Untracked 
|  91|0x000000070ed00000, 0x000000070ed00000, 0x000000070ee00000|  0%| F|  |TAMS 0x000000070ed00000, 0x000000070ed00000| Untracked 
|  92|0x000000070ee00000, 0x000000070ee00000, 0x000000070ef00000|  0%| F|  |TAMS 0x000000070ee00000, 0x000000070ee00000| Untracked 
|  93|0x000000070ef00000, 0x000000070ef00000, 0x000000070f000000|  0%| F|  |TAMS 0x000000070ef00000, 0x000000070ef00000| Untracked 
|  94|0x000000070f000000, 0x000000070f000000, 0x000000070f100000|  0%| F|  |TAMS 0x000000070f000000, 0x000000070f000000| Untracked 
|  95|0x000000070f100000, 0x000000070f100000, 0x000000070f200000|  0%| F|  |TAMS 0x000000070f100000, 0x000000070f100000| Untracked 
|  96|0x000000070f200000, 0x000000070f200000, 0x000000070f300000|  0%| F|  |TAMS 0x000000070f200000, 0x000000070f200000| Untracked 
|  97|0x000000070f300000, 0x000000070f300000, 0x000000070f400000|  0%| F|  |TAMS 0x000000070f300000, 0x000000070f300000| Untracked 
|  98|0x000000070f400000, 0x000000070f400000, 0x000000070f500000|  0%| F|  |TAMS 0x000000070f400000, 0x000000070f400000| Untracked 
|  99|0x000000070f500000, 0x000000070f500000, 0x000000070f600000|  0%| F|  |TAMS 0x000000070f500000, 0x000000070f500000| Untracked 
| 100|0x000000070f600000, 0x000000070f600000, 0x000000070f700000|  0%| F|  |TAMS 0x000000070f600000, 0x000000070f600000| Untracked 
| 101|0x000000070f700000, 0x000000070f700000, 0x000000070f800000|  0%| F|  |TAMS 0x000000070f700000, 0x000000070f700000| Untracked 
| 102|0x000000070f800000, 0x000000070f800000, 0x000000070f900000|  0%| F|  |TAMS 0x000000070f800000, 0x000000070f800000| Untracked 
| 103|0x000000070f900000, 0x000000070f900000, 0x000000070fa00000|  0%| F|  |TAMS 0x000000070f900000, 0x000000070f900000| Untracked 
| 104|0x000000070fa00000, 0x000000070fa00000, 0x000000070fb00000|  0%| F|  |TAMS 0x000000070fa00000, 0x000000070fa00000| Untracked 
| 105|0x000000070fb00000, 0x000000070fb00000, 0x000000070fc00000|  0%| F|  |TAMS 0x000000070fb00000, 0x000000070fb00000| Untracked 
| 106|0x000000070fc00000, 0x000000070fc00000, 0x000000070fd00000|  0%| F|  |TAMS 0x000000070fc00000, 0x000000070fc00000| Untracked 
| 107|0x000000070fd00000, 0x000000070fd00000, 0x000000070fe00000|  0%| F|  |TAMS 0x000000070fd00000, 0x000000070fd00000| Untracked 
| 108|0x000000070fe00000, 0x000000070fe00000, 0x000000070ff00000|  0%| F|  |TAMS 0x000000070fe00000, 0x000000070fe00000| Untracked 
| 109|0x000000070ff00000, 0x000000070ff00000, 0x0000000710000000|  0%| F|  |TAMS 0x000000070ff00000, 0x000000070ff00000| Untracked 
| 110|0x0000000710000000, 0x0000000710000000, 0x0000000710100000|  0%| F|  |TAMS 0x0000000710000000, 0x0000000710000000| Untracked 
| 111|0x0000000710100000, 0x0000000710100000, 0x0000000710200000|  0%| F|  |TAMS 0x0000000710100000, 0x0000000710100000| Untracked 
| 112|0x0000000710200000, 0x0000000710200000, 0x0000000710300000|  0%| F|  |TAMS 0x0000000710200000, 0x0000000710200000| Untracked 
| 113|0x0000000710300000, 0x0000000710300000, 0x0000000710400000|  0%| F|  |TAMS 0x0000000710300000, 0x0000000710300000| Untracked 
| 114|0x0000000710400000, 0x0000000710400000, 0x0000000710500000|  0%| F|  |TAMS 0x0000000710400000, 0x0000000710400000| Untracked 
| 115|0x0000000710500000, 0x0000000710500000, 0x0000000710600000|  0%| F|  |TAMS 0x0000000710500000, 0x0000000710500000| Untracked 
| 116|0x0000000710600000, 0x0000000710600000, 0x0000000710700000|  0%| F|  |TAMS 0x0000000710600000, 0x0000000710600000| Untracked 
| 117|0x0000000710700000, 0x0000000710700000, 0x0000000710800000|  0%| F|  |TAMS 0x0000000710700000, 0x0000000710700000| Untracked 
| 118|0x0000000710800000, 0x0000000710800000, 0x0000000710900000|  0%| F|  |TAMS 0x0000000710800000, 0x0000000710800000| Untracked 
| 119|0x0000000710900000, 0x0000000710900000, 0x0000000710a00000|  0%| F|  |TAMS 0x0000000710900000, 0x0000000710900000| Untracked 
| 120|0x0000000710a00000, 0x0000000710a00000, 0x0000000710b00000|  0%| F|  |TAMS 0x0000000710a00000, 0x0000000710a00000| Untracked 
| 121|0x0000000710b00000, 0x0000000710b00000, 0x0000000710c00000|  0%| F|  |TAMS 0x0000000710b00000, 0x0000000710b00000| Untracked 
| 122|0x0000000710c00000, 0x0000000710c00000, 0x0000000710d00000|  0%| F|  |TAMS 0x0000000710c00000, 0x0000000710c00000| Untracked 
| 123|0x0000000710d00000, 0x0000000710d00000, 0x0000000710e00000|  0%| F|  |TAMS 0x0000000710d00000, 0x0000000710d00000| Untracked 
| 124|0x0000000710e00000, 0x0000000710e00000, 0x0000000710f00000|  0%| F|  |TAMS 0x0000000710e00000, 0x0000000710e00000| Untracked 
| 125|0x0000000710f00000, 0x0000000710f00000, 0x0000000711000000|  0%| F|  |TAMS 0x0000000710f00000, 0x0000000710f00000| Untracked 
| 126|0x0000000711000000, 0x0000000711000000, 0x0000000711100000|  0%| F|  |TAMS 0x0000000711000000, 0x0000000711000000| Untracked 
| 127|0x0000000711100000, 0x0000000711100000, 0x0000000711200000|  0%| F|  |TAMS 0x0000000711100000, 0x0000000711100000| Untracked 
| 128|0x0000000711200000, 0x0000000711200000, 0x0000000711300000|  0%| F|  |TAMS 0x0000000711200000, 0x0000000711200000| Untracked 
| 129|0x0000000711300000, 0x0000000711300000, 0x0000000711400000|  0%| F|  |TAMS 0x0000000711300000, 0x0000000711300000| Untracked 
| 130|0x0000000711400000, 0x0000000711400000, 0x0000000711500000|  0%| F|  |TAMS 0x0000000711400000, 0x0000000711400000| Untracked 
| 131|0x0000000711500000, 0x0000000711500000, 0x0000000711600000|  0%| F|  |TAMS 0x0000000711500000, 0x0000000711500000| Untracked 
| 132|0x0000000711600000, 0x0000000711600000, 0x0000000711700000|  0%| F|  |TAMS 0x0000000711600000, 0x0000000711600000| Untracked 
| 133|0x0000000711700000, 0x0000000711700000, 0x0000000711800000|  0%| F|  |TAMS 0x0000000711700000, 0x0000000711700000| Untracked 
| 134|0x0000000711800000, 0x0000000711800000, 0x0000000711900000|  0%| F|  |TAMS 0x0000000711800000, 0x0000000711800000| Untracked 
| 135|0x0000000711900000, 0x0000000711900000, 0x0000000711a00000|  0%| F|  |TAMS 0x0000000711900000, 0x0000000711900000| Untracked 
| 136|0x0000000711a00000, 0x0000000711a00000, 0x0000000711b00000|  0%| F|  |TAMS 0x0000000711a00000, 0x0000000711a00000| Untracked 
| 137|0x0000000711b00000, 0x0000000711b00000, 0x0000000711c00000|  0%| F|  |TAMS 0x0000000711b00000, 0x0000000711b00000| Untracked 
| 138|0x0000000711c00000, 0x0000000711c00000, 0x0000000711d00000|  0%| F|  |TAMS 0x0000000711c00000, 0x0000000711c00000| Untracked 
| 139|0x0000000711d00000, 0x0000000711d00000, 0x0000000711e00000|  0%| F|  |TAMS 0x0000000711d00000, 0x0000000711d00000| Untracked 
| 140|0x0000000711e00000, 0x0000000711e00000, 0x0000000711f00000|  0%| F|  |TAMS 0x0000000711e00000, 0x0000000711e00000| Untracked 
| 141|0x0000000711f00000, 0x0000000711f00000, 0x0000000712000000|  0%| F|  |TAMS 0x0000000711f00000, 0x0000000711f00000| Untracked 
| 142|0x0000000712000000, 0x0000000712000000, 0x0000000712100000|  0%| F|  |TAMS 0x0000000712000000, 0x0000000712000000| Untracked 
| 143|0x0000000712100000, 0x0000000712100000, 0x0000000712200000|  0%| F|  |TAMS 0x0000000712100000, 0x0000000712100000| Untracked 
| 144|0x0000000712200000, 0x0000000712200000, 0x0000000712300000|  0%| F|  |TAMS 0x0000000712200000, 0x0000000712200000| Untracked 
| 145|0x0000000712300000, 0x0000000712300000, 0x0000000712400000|  0%| F|  |TAMS 0x0000000712300000, 0x0000000712300000| Untracked 
| 146|0x0000000712400000, 0x0000000712400000, 0x0000000712500000|  0%| F|  |TAMS 0x0000000712400000, 0x0000000712400000| Untracked 
| 147|0x0000000712500000, 0x0000000712500000, 0x0000000712600000|  0%| F|  |TAMS 0x0000000712500000, 0x0000000712500000| Untracked 
| 148|0x0000000712600000, 0x0000000712600000, 0x0000000712700000|  0%| F|  |TAMS 0x0000000712600000, 0x0000000712600000| Untracked 
| 149|0x0000000712700000, 0x0000000712700000, 0x0000000712800000|  0%| F|  |TAMS 0x0000000712700000, 0x0000000712700000| Untracked 
| 150|0x0000000712800000, 0x0000000712800000, 0x0000000712900000|  0%| F|  |TAMS 0x0000000712800000, 0x0000000712800000| Untracked 
| 151|0x0000000712900000, 0x0000000712900000, 0x0000000712a00000|  0%| F|  |TAMS 0x0000000712900000, 0x0000000712900000| Untracked 
| 152|0x0000000712a00000, 0x0000000712a00000, 0x0000000712b00000|  0%| F|  |TAMS 0x0000000712a00000, 0x0000000712a00000| Untracked 
| 153|0x0000000712b00000, 0x0000000712b00000, 0x0000000712c00000|  0%| F|  |TAMS 0x0000000712b00000, 0x0000000712b00000| Untracked 
| 154|0x0000000712c00000, 0x0000000712c00000, 0x0000000712d00000|  0%| F|  |TAMS 0x0000000712c00000, 0x0000000712c00000| Untracked 
| 155|0x0000000712d00000, 0x0000000712d00000, 0x0000000712e00000|  0%| F|  |TAMS 0x0000000712d00000, 0x0000000712d00000| Untracked 
| 156|0x0000000712e00000, 0x0000000712e00000, 0x0000000712f00000|  0%| F|  |TAMS 0x0000000712e00000, 0x0000000712e00000| Untracked 
| 157|0x0000000712f00000, 0x0000000712f00000, 0x0000000713000000|  0%| F|  |TAMS 0x0000000712f00000, 0x0000000712f00000| Untracked 
| 158|0x0000000713000000, 0x0000000713000000, 0x0000000713100000|  0%| F|  |TAMS 0x0000000713000000, 0x0000000713000000| Untracked 
| 159|0x0000000713100000, 0x0000000713100000, 0x0000000713200000|  0%| F|  |TAMS 0x0000000713100000, 0x0000000713100000| Untracked 
| 160|0x0000000713200000, 0x0000000713200000, 0x0000000713300000|  0%| F|  |TAMS 0x0000000713200000, 0x0000000713200000| Untracked 
| 161|0x0000000713300000, 0x0000000713300000, 0x0000000713400000|  0%| F|  |TAMS 0x0000000713300000, 0x0000000713300000| Untracked 
| 162|0x0000000713400000, 0x0000000713400000, 0x0000000713500000|  0%| F|  |TAMS 0x0000000713400000, 0x0000000713400000| Untracked 
| 163|0x0000000713500000, 0x0000000713500000, 0x0000000713600000|  0%| F|  |TAMS 0x0000000713500000, 0x0000000713500000| Untracked 
| 164|0x0000000713600000, 0x0000000713600000, 0x0000000713700000|  0%| F|  |TAMS 0x0000000713600000, 0x0000000713600000| Untracked 
| 165|0x0000000713700000, 0x0000000713700000, 0x0000000713800000|  0%| F|  |TAMS 0x0000000713700000, 0x0000000713700000| Untracked 
| 166|0x0000000713800000, 0x0000000713800000, 0x0000000713900000|  0%| F|  |TAMS 0x0000000713800000, 0x0000000713800000| Untracked 
| 167|0x0000000713900000, 0x0000000713900000, 0x0000000713a00000|  0%| F|  |TAMS 0x0000000713900000, 0x0000000713900000| Untracked 
| 168|0x0000000713a00000, 0x0000000713a00000, 0x0000000713b00000|  0%| F|  |TAMS 0x0000000713a00000, 0x0000000713a00000| Untracked 
| 169|0x0000000713b00000, 0x0000000713b00000, 0x0000000713c00000|  0%| F|  |TAMS 0x0000000713b00000, 0x0000000713b00000| Untracked 
| 170|0x0000000713c00000, 0x0000000713c00000, 0x0000000713d00000|  0%| F|  |TAMS 0x0000000713c00000, 0x0000000713c00000| Untracked 
| 171|0x0000000713d00000, 0x0000000713d00000, 0x0000000713e00000|  0%| F|  |TAMS 0x0000000713d00000, 0x0000000713d00000| Untracked 
| 172|0x0000000713e00000, 0x0000000713e00000, 0x0000000713f00000|  0%| F|  |TAMS 0x0000000713e00000, 0x0000000713e00000| Untracked 
| 173|0x0000000713f00000, 0x0000000713f00000, 0x0000000714000000|  0%| F|  |TAMS 0x0000000713f00000, 0x0000000713f00000| Untracked 
| 174|0x0000000714000000, 0x0000000714000000, 0x0000000714100000|  0%| F|  |TAMS 0x0000000714000000, 0x0000000714000000| Untracked 
| 175|0x0000000714100000, 0x0000000714100000, 0x0000000714200000|  0%| F|  |TAMS 0x0000000714100000, 0x0000000714100000| Untracked 
| 176|0x0000000714200000, 0x0000000714200000, 0x0000000714300000|  0%| F|  |TAMS 0x0000000714200000, 0x0000000714200000| Untracked 
| 177|0x0000000714300000, 0x0000000714300000, 0x0000000714400000|  0%| F|  |TAMS 0x0000000714300000, 0x0000000714300000| Untracked 
| 178|0x0000000714400000, 0x0000000714400000, 0x0000000714500000|  0%| F|  |TAMS 0x0000000714400000, 0x0000000714400000| Untracked 
| 179|0x0000000714500000, 0x0000000714500000, 0x0000000714600000|  0%| F|  |TAMS 0x0000000714500000, 0x0000000714500000| Untracked 
| 180|0x0000000714600000, 0x0000000714600000, 0x0000000714700000|  0%| F|  |TAMS 0x0000000714600000, 0x0000000714600000| Untracked 
| 181|0x0000000714700000, 0x0000000714700000, 0x0000000714800000|  0%| F|  |TAMS 0x0000000714700000, 0x0000000714700000| Untracked 
| 182|0x0000000714800000, 0x0000000714800000, 0x0000000714900000|  0%| F|  |TAMS 0x0000000714800000, 0x0000000714800000| Untracked 
| 183|0x0000000714900000, 0x0000000714900000, 0x0000000714a00000|  0%| F|  |TAMS 0x0000000714900000, 0x0000000714900000| Untracked 
| 184|0x0000000714a00000, 0x0000000714a00000, 0x0000000714b00000|  0%| F|  |TAMS 0x0000000714a00000, 0x0000000714a00000| Untracked 
| 185|0x0000000714b00000, 0x0000000714b00000, 0x0000000714c00000|  0%| F|  |TAMS 0x0000000714b00000, 0x0000000714b00000| Untracked 
| 186|0x0000000714c00000, 0x0000000714c00000, 0x0000000714d00000|  0%| F|  |TAMS 0x0000000714c00000, 0x0000000714c00000| Untracked 
| 187|0x0000000714d00000, 0x0000000714d00000, 0x0000000714e00000|  0%| F|  |TAMS 0x0000000714d00000, 0x0000000714d00000| Untracked 
| 188|0x0000000714e00000, 0x0000000714e00000, 0x0000000714f00000|  0%| F|  |TAMS 0x0000000714e00000, 0x0000000714e00000| Untracked 
| 189|0x0000000714f00000, 0x0000000714f00000, 0x0000000715000000|  0%| F|  |TAMS 0x0000000714f00000, 0x0000000714f00000| Untracked 
| 190|0x0000000715000000, 0x0000000715000000, 0x0000000715100000|  0%| F|  |TAMS 0x0000000715000000, 0x0000000715000000| Untracked 
| 191|0x0000000715100000, 0x0000000715100000, 0x0000000715200000|  0%| F|  |TAMS 0x0000000715100000, 0x0000000715100000| Untracked 
| 192|0x0000000715200000, 0x0000000715200000, 0x0000000715300000|  0%| F|  |TAMS 0x0000000715200000, 0x0000000715200000| Untracked 
| 193|0x0000000715300000, 0x0000000715300000, 0x0000000715400000|  0%| F|  |TAMS 0x0000000715300000, 0x0000000715300000| Untracked 
| 194|0x0000000715400000, 0x0000000715400000, 0x0000000715500000|  0%| F|  |TAMS 0x0000000715400000, 0x0000000715400000| Untracked 
| 195|0x0000000715500000, 0x0000000715500000, 0x0000000715600000|  0%| F|  |TAMS 0x0000000715500000, 0x0000000715500000| Untracked 
| 196|0x0000000715600000, 0x0000000715600000, 0x0000000715700000|  0%| F|  |TAMS 0x0000000715600000, 0x0000000715600000| Untracked 
| 197|0x0000000715700000, 0x0000000715700000, 0x0000000715800000|  0%| F|  |TAMS 0x0000000715700000, 0x0000000715700000| Untracked 
| 198|0x0000000715800000, 0x0000000715800000, 0x0000000715900000|  0%| F|  |TAMS 0x0000000715800000, 0x0000000715800000| Untracked 
| 199|0x0000000715900000, 0x0000000715900000, 0x0000000715a00000|  0%| F|  |TAMS 0x0000000715900000, 0x0000000715900000| Untracked 
| 200|0x0000000715a00000, 0x0000000715a00000, 0x0000000715b00000|  0%| F|  |TAMS 0x0000000715a00000, 0x0000000715a00000| Untracked 
| 201|0x0000000715b00000, 0x0000000715b00000, 0x0000000715c00000|  0%| F|  |TAMS 0x0000000715b00000, 0x0000000715b00000| Untracked 
| 202|0x0000000715c00000, 0x0000000715c00000, 0x0000000715d00000|  0%| F|  |TAMS 0x0000000715c00000, 0x0000000715c00000| Untracked 
| 203|0x0000000715d00000, 0x0000000715d00000, 0x0000000715e00000|  0%| F|  |TAMS 0x0000000715d00000, 0x0000000715d00000| Untracked 
| 204|0x0000000715e00000, 0x0000000715e00000, 0x0000000715f00000|  0%| F|  |TAMS 0x0000000715e00000, 0x0000000715e00000| Untracked 
| 205|0x0000000715f00000, 0x0000000715f00000, 0x0000000716000000|  0%| F|  |TAMS 0x0000000715f00000, 0x0000000715f00000| Untracked 
| 206|0x0000000716000000, 0x00000007160991d0, 0x0000000716100000| 59%| S|CS|TAMS 0x0000000716000000, 0x0000000716000000| Complete 
| 207|0x0000000716100000, 0x0000000716200000, 0x0000000716200000|100%| S|CS|TAMS 0x0000000716100000, 0x0000000716100000| Complete 
| 208|0x0000000716200000, 0x0000000716300000, 0x0000000716300000|100%| S|CS|TAMS 0x0000000716200000, 0x0000000716200000| Complete 
| 209|0x0000000716300000, 0x0000000716400000, 0x0000000716400000|100%| S|CS|TAMS 0x0000000716300000, 0x0000000716300000| Complete 
| 210|0x0000000716400000, 0x0000000716500000, 0x0000000716500000|100%| S|CS|TAMS 0x0000000716400000, 0x0000000716400000| Complete 
| 211|0x0000000716500000, 0x0000000716600000, 0x0000000716600000|100%| S|CS|TAMS 0x0000000716500000, 0x0000000716500000| Complete 
| 212|0x0000000716600000, 0x0000000716600000, 0x0000000716700000|  0%| F|  |TAMS 0x0000000716600000, 0x0000000716600000| Untracked 
| 213|0x0000000716700000, 0x0000000716700000, 0x0000000716800000|  0%| F|  |TAMS 0x0000000716700000, 0x0000000716700000| Untracked 
| 214|0x0000000716800000, 0x0000000716800000, 0x0000000716900000|  0%| F|  |TAMS 0x0000000716800000, 0x0000000716800000| Untracked 
| 215|0x0000000716900000, 0x0000000716900000, 0x0000000716a00000|  0%| F|  |TAMS 0x0000000716900000, 0x0000000716900000| Untracked 
| 216|0x0000000716a00000, 0x0000000716a00000, 0x0000000716b00000|  0%| F|  |TAMS 0x0000000716a00000, 0x0000000716a00000| Untracked 
| 217|0x0000000716b00000, 0x0000000716b00000, 0x0000000716c00000|  0%| F|  |TAMS 0x0000000716b00000, 0x0000000716b00000| Untracked 
| 218|0x0000000716c00000, 0x0000000716c00000, 0x0000000716d00000|  0%| F|  |TAMS 0x0000000716c00000, 0x0000000716c00000| Untracked 
| 219|0x0000000716d00000, 0x0000000716d00000, 0x0000000716e00000|  0%| F|  |TAMS 0x0000000716d00000, 0x0000000716d00000| Untracked 
| 220|0x0000000716e00000, 0x0000000716e00000, 0x0000000716f00000|  0%| F|  |TAMS 0x0000000716e00000, 0x0000000716e00000| Untracked 
| 221|0x0000000716f00000, 0x0000000716f00000, 0x0000000717000000|  0%| F|  |TAMS 0x0000000716f00000, 0x0000000716f00000| Untracked 
| 222|0x0000000717000000, 0x0000000717000000, 0x0000000717100000|  0%| F|  |TAMS 0x0000000717000000, 0x0000000717000000| Untracked 
| 223|0x0000000717100000, 0x0000000717100000, 0x0000000717200000|  0%| F|  |TAMS 0x0000000717100000, 0x0000000717100000| Untracked 
| 224|0x0000000717200000, 0x0000000717200000, 0x0000000717300000|  0%| F|  |TAMS 0x0000000717200000, 0x0000000717200000| Untracked 
| 225|0x0000000717300000, 0x0000000717300000, 0x0000000717400000|  0%| F|  |TAMS 0x0000000717300000, 0x0000000717300000| Untracked 
| 226|0x0000000717400000, 0x0000000717400000, 0x0000000717500000|  0%| F|  |TAMS 0x0000000717400000, 0x0000000717400000| Untracked 
| 227|0x0000000717500000, 0x0000000717500000, 0x0000000717600000|  0%| F|  |TAMS 0x0000000717500000, 0x0000000717500000| Untracked 
| 228|0x0000000717600000, 0x0000000717600000, 0x0000000717700000|  0%| F|  |TAMS 0x0000000717600000, 0x0000000717600000| Untracked 
| 229|0x0000000717700000, 0x0000000717700000, 0x0000000717800000|  0%| F|  |TAMS 0x0000000717700000, 0x0000000717700000| Untracked 
| 230|0x0000000717800000, 0x0000000717800000, 0x0000000717900000|  0%| F|  |TAMS 0x0000000717800000, 0x0000000717800000| Untracked 
| 231|0x0000000717900000, 0x0000000717900000, 0x0000000717a00000|  0%| F|  |TAMS 0x0000000717900000, 0x0000000717900000| Untracked 
| 232|0x0000000717a00000, 0x0000000717a00000, 0x0000000717b00000|  0%| F|  |TAMS 0x0000000717a00000, 0x0000000717a00000| Untracked 
| 233|0x0000000717b00000, 0x0000000717b80800, 0x0000000717c00000| 50%| E|  |TAMS 0x0000000717b00000, 0x0000000717b00000| Complete 
| 234|0x0000000717c00000, 0x0000000717d00000, 0x0000000717d00000|100%| E|CS|TAMS 0x0000000717c00000, 0x0000000717c00000| Complete 
| 235|0x0000000717d00000, 0x0000000717e00000, 0x0000000717e00000|100%| E|CS|TAMS 0x0000000717d00000, 0x0000000717d00000| Complete 
| 236|0x0000000717e00000, 0x0000000717f00000, 0x0000000717f00000|100%| E|CS|TAMS 0x0000000717e00000, 0x0000000717e00000| Complete 
| 237|0x0000000717f00000, 0x0000000718000000, 0x0000000718000000|100%| E|CS|TAMS 0x0000000717f00000, 0x0000000717f00000| Complete 
| 238|0x0000000718000000, 0x0000000718100000, 0x0000000718100000|100%| E|CS|TAMS 0x0000000718000000, 0x0000000718000000| Complete 
| 239|0x0000000718100000, 0x0000000718200000, 0x0000000718200000|100%| E|CS|TAMS 0x0000000718100000, 0x0000000718100000| Complete 
| 240|0x0000000718200000, 0x0000000718300000, 0x0000000718300000|100%| E|CS|TAMS 0x0000000718200000, 0x0000000718200000| Complete 
| 241|0x0000000718300000, 0x0000000718400000, 0x0000000718400000|100%| E|CS|TAMS 0x0000000718300000, 0x0000000718300000| Complete 
| 242|0x0000000718400000, 0x0000000718500000, 0x0000000718500000|100%| E|CS|TAMS 0x0000000718400000, 0x0000000718400000| Complete 
| 243|0x0000000718500000, 0x0000000718600000, 0x0000000718600000|100%| E|CS|TAMS 0x0000000718500000, 0x0000000718500000| Complete 
| 244|0x0000000718600000, 0x0000000718700000, 0x0000000718700000|100%| E|CS|TAMS 0x0000000718600000, 0x0000000718600000| Complete 
| 245|0x0000000718700000, 0x0000000718800000, 0x0000000718800000|100%| E|CS|TAMS 0x0000000718700000, 0x0000000718700000| Complete 
| 246|0x0000000718800000, 0x0000000718900000, 0x0000000718900000|100%| E|CS|TAMS 0x0000000718800000, 0x0000000718800000| Complete 
| 247|0x0000000718900000, 0x0000000718a00000, 0x0000000718a00000|100%| E|CS|TAMS 0x0000000718900000, 0x0000000718900000| Complete 

Card table byte_map: [0x000002331dcf0000,0x000002331e4b0000] _byte_map_base: 0x000002331a4a7000

Marking Bits (Prev, Next): (CMBitMap*) 0x000002330665df20, (CMBitMap*) 0x000002330665dee8
 Prev Bits: [0x0000023322a30000, 0x00000233267e8000)
 Next Bits: [0x000002331ec70000, 0x0000023322a28000)

Polling page: 0x00000233045c0000

Metaspace:

Usage:
  Non-class:     20.73 MB capacity,    20.37 MB ( 98%) used,   301.65 KB (  1%) free+waste,    67.13 KB ( <1%) overhead. 
      Class:      2.83 MB capacity,     2.56 MB ( 91%) used,   238.60 KB (  8%) free+waste,    34.25 KB (  1%) overhead. 
       Both:     23.56 MB capacity,    22.93 MB ( 97%) used,   540.25 KB (  2%) free+waste,   101.38 KB ( <1%) overhead. 

Virtual space:
  Non-class space:       28.00 MB reserved,      20.75 MB ( 74%) committed 
      Class space:        1.00 GB reserved,       2.88 MB ( <1%) committed 
             Both:        1.03 GB reserved,      23.63 MB (  2%) committed 

Chunk freelists:
   Non-Class:  2.63 KB
       Class:  1.88 KB
        Both:  4.50 KB

CodeHeap 'non-profiled nmethods': size=119168Kb used=723Kb max_used=723Kb free=118444Kb
 bounds [0x0000023315840000, 0x0000023315ab0000, 0x000002331cca0000]
CodeHeap 'profiled nmethods': size=119168Kb used=4216Kb max_used=4216Kb free=114952Kb
 bounds [0x000002330e3e0000, 0x000002330e800000, 0x0000023315840000]
CodeHeap 'non-nmethods': size=7424Kb used=2862Kb max_used=2880Kb free=4561Kb
 bounds [0x000002330dca0000, 0x000002330df80000, 0x000002330e3e0000]
 total_blobs=2553 nmethods=2048 adapters=413
 compilation: enabled
              stopped_count=0, restarted_count=0
 full_count=0

Compilation events (10 events):
Event: 1.682 Thread 0x000002332a3da800 1984       3       java.lang.invoke.MethodType::dropParameterTypes (162 bytes)
Event: 1.683 Thread 0x000002332a3da800 nmethod 1984 0x000002330e7bd010 code [0x000002330e7bd320, 0x000002330e7be508]
Event: 1.686 Thread 0x000002332a269000 1987       3       java.lang.invoke.MemberName$Factory::resolveOrNull (28 bytes)
Event: 1.686 Thread 0x000002332a269000 nmethod 1987 0x000002330e7bea90 code [0x000002330e7bec40, 0x000002330e7beec8]
Event: 1.686 Thread 0x000002332a3d7800 1989       3       jdk.internal.org.objectweb.asm.Type::getArgumentsAndReturnSizes (151 bytes)
Event: 1.687 Thread 0x000002332a3df800 1990       3       java.lang.Module::allows (60 bytes)
Event: 1.687 Thread 0x000002332a3d7800 nmethod 1989 0x000002330e7bf010 code [0x000002330e7bf380, 0x000002330e7c0c18]
Event: 1.687 Thread 0x000002332a3df800 nmethod 1990 0x000002330e7c1490 code [0x000002330e7c1680, 0x000002330e7c1c88]
Event: 1.690 Thread 0x000002332b6a6000 1991       4       java.util.HashMap::get (23 bytes)
Event: 1.694 Thread 0x000002332b6a6000 nmethod 1991 0x00000233158f3590 code [0x00000233158f3720, 0x00000233158f3998]

GC Heap History (4 events):
Event: 0.692 GC heap before
{Heap before GC invocations=0 (full 0):
 garbage-first heap   total 253952K, used 23552K [0x0000000709200000, 0x0000000800000000)
  region size 1024K, 24 young (24576K), 0 survivors (0K)
 Metaspace       used 12030K, capacity 12300K, committed 12544K, reserved 1060864K
  class space    used 1183K, capacity 1255K, committed 1280K, reserved 1048576K
}
Event: 0.697 GC heap after
{Heap after GC invocations=1 (full 0):
 garbage-first heap   total 253952K, used 5692K [0x0000000709200000, 0x0000000800000000)
  region size 1024K, 3 young (3072K), 3 survivors (3072K)
 Metaspace       used 12030K, capacity 12300K, committed 12544K, reserved 1060864K
  class space    used 1183K, capacity 1255K, committed 1280K, reserved 1048576K
}
Event: 1.498 GC heap before
{Heap before GC invocations=1 (full 0):
 garbage-first heap   total 253952K, used 38460K [0x0000000709200000, 0x0000000800000000)
  region size 1024K, 36 young (36864K), 3 survivors (3072K)
 Metaspace       used 20647K, capacity 21093K, committed 21248K, reserved 1069056K
  class space    used 2239K, capacity 2454K, committed 2560K, reserved 1048576K
}
Event: 1.503 GC heap after
{Heap after GC invocations=2 (full 0):
 garbage-first heap   total 253952K, used 8352K [0x0000000709200000, 0x0000000800000000)
  region size 1024K, 6 young (6144K), 6 survivors (6144K)
 Metaspace       used 20647K, capacity 21093K, committed 21248K, reserved 1069056K
  class space    used 2239K, capacity 2454K, committed 2560K, reserved 1048576K
}

Deoptimization events (10 events):
Event: 0.469 Thread 0x00000233065fd800 Uncommon trap: reason=bimorphic_or_optimized_type_check action=maybe_recompile pc=0x0000023315879c9c method=java.util.HashMap.getNode(ILjava/lang/Object;)Ljava/util/HashMap$Node; @ 59 c2
Event: 0.724 Thread 0x00000233065fd800 Uncommon trap: reason=bimorphic_or_optimized_type_check action=maybe_recompile pc=0x0000023315872b8c method=java.util.HashMap.getNode(ILjava/lang/Object;)Ljava/util/HashMap$Node; @ 59 c2
Event: 0.750 Thread 0x00000233065fd800 Uncommon trap: reason=unstable_if action=reinterpret pc=0x0000023315869d18 method=java.lang.Integer.getChars(II[B)I @ 25 c2
Event: 0.871 Thread 0x00000233065fd800 Uncommon trap: reason=bimorphic_or_optimized_type_check action=maybe_recompile pc=0x0000023315879c9c method=java.util.HashMap.getNode(ILjava/lang/Object;)Ljava/util/HashMap$Node; @ 59 c2
Event: 0.871 Thread 0x00000233065fd800 Uncommon trap: reason=unstable_if action=reinterpret pc=0x0000023315894230 method=java.util.jar.JarFile.getVersionedEntry(Ljava/lang/String;Ljava/util/jar/JarEntry;)Ljava/util/jar/JarEntry; @ 7 c2
Event: 1.037 Thread 0x000002332a25a000 Uncommon trap: reason=unstable_if action=reinterpret pc=0x000002331588c75c method=java.lang.Integer.getChars(II[B)I @ 25 c2
Event: 1.041 Thread 0x000002332a25a000 Uncommon trap: reason=unstable_if action=reinterpret pc=0x0000023315870488 method=java.lang.Integer.getChars(II[B)I @ 25 c2
Event: 1.318 Thread 0x00000233065fd800 Uncommon trap: reason=unstable_if action=reinterpret pc=0x00000233158bb89c method=jdk.internal.org.objectweb.asm.Frame.execute(IILjdk/internal/org/objectweb/asm/ClassWriter;Ljdk/internal/org/objectweb/asm/Item;)V @ 1 c2
Event: 1.605 Thread 0x00000233065fd800 Uncommon trap: reason=unstable_if action=reinterpret pc=0x00000233158ca400 method=java.lang.String.replace(CC)Ljava/lang/String; @ 2 c2
Event: 1.684 Thread 0x00000233065fd800 Uncommon trap: reason=unstable_if action=reinterpret pc=0x00000233158a1a98 method=jdk.internal.org.objectweb.asm.Type.getArgumentsAndReturnSizes(Ljava/lang/String;)I @ 41 c2

Classes redefined (0 events):
No events

Internal exceptions (10 events):
Event: 1.577 Thread 0x00000233065fd800 Exception <a 'java/lang/NoSuchMethodError'{0x00000007183ce1a8}: java.lang.invoke.DirectMethodHandle$Holder.invokeSpecialIFC(Ljava/lang/Object;Ljava/lang/Object;Ljava/lang/Object;Ljava/lang/Object;)Ljava/lang/Object;> (0x00000007183ce1a8) thrown at [./open
Event: 1.592 Thread 0x00000233065fd800 Exception <a 'java/lang/NoSuchMethodError'{0x0000000718105c30}: java.lang.invoke.DirectMethodHandle$Holder.invokeSpecial(Ljava/lang/Object;Ljava/lang/Object;Ljava/lang/Object;Ljava/lang/Object;)V> (0x0000000718105c30) thrown at [./open/src/hotspot/share/i
Event: 1.592 Thread 0x00000233065fd800 Exception <a 'java/lang/NoSuchMethodError'{0x000000071810c618}: java.lang.invoke.DirectMethodHandle$Holder.invokeInterface(Ljava/lang/Object;Ljava/lang/Object;Ljava/lang/Object;Ljava/lang/Object;)Ljava/lang/Object;> (0x000000071810c618) thrown at [./open/
Event: 1.595 Thread 0x00000233065fd800 Exception <a 'java/lang/NoSuchMethodError'{0x0000000718128d20}: java.lang.invoke.DirectMethodHandle$Holder.invokeInterface(Ljava/lang/Object;Ljava/lang/Object;Ljava/lang/Object;)Ljava/lang/Object;> (0x0000000718128d20) thrown at [./open/src/hotspot/share/
Event: 1.595 Thread 0x00000233065fd800 Exception <a 'java/lang/IncompatibleClassChangeError'{0x000000071812bca8}: Found class java.lang.Object, but interface was expected> (0x000000071812bca8) thrown at [./open/src/hotspot/share/interpreter/linkResolver.cpp, line 838]
Event: 1.596 Thread 0x00000233065fd800 Exception <a 'java/lang/NoSuchMethodError'{0x00000007181342e0}: java.lang.invoke.DirectMethodHandle$Holder.invokeSpecialIFC(Ljava/lang/Object;Ljava/lang/Object;Ljava/lang/Object;Ljava/lang/Object;)I> (0x00000007181342e0) thrown at [./open/src/hotspot/shar
Event: 1.684 Thread 0x00000233065fd800 Exception <a 'java/lang/NoSuchMethodError'{0x0000000717e45dd8}: java.lang.invoke.DirectMethodHandle$Holder.invokeVirtual(Ljava/lang/Object;Ljava/lang/Object;)D> (0x0000000717e45dd8) thrown at [./open/src/hotspot/share/interpreter/linkResolver.cpp, line 77
Event: 1.685 Thread 0x00000233065fd800 Exception <a 'java/lang/NoSuchMethodError'{0x0000000717e4bb90}: java.lang.invoke.DirectMethodHandle$Holder.invokeVirtual(Ljava/lang/Object;Ljava/lang/Object;)F> (0x0000000717e4bb90) thrown at [./open/src/hotspot/share/interpreter/linkResolver.cpp, line 77
Event: 1.686 Thread 0x00000233065fd800 Exception <a 'java/lang/NoSuchMethodError'{0x0000000717e54028}: java.lang.invoke.DirectMethodHandle$Holder.invokeVirtual(Ljava/lang/Object;Ljava/lang/Object;)J> (0x0000000717e54028) thrown at [./open/src/hotspot/share/interpreter/linkResolver.cpp, line 77
Event: 1.692 Thread 0x00000233065fd800 Exception <a 'java/lang/NoSuchMethodError'{0x0000000717e8e2b0}: java.lang.invoke.DirectMethodHandle$Holder.invokeVirtual(Ljava/lang/Object;Ljava/lang/Object;Ljava/lang/Object;)Ljava/lang/Object;> (0x0000000717e8e2b0) thrown at [./open/src/hotspot/share/in

Events (10 events):
Event: 1.695 loading class org/openqa/selenium/json/ObjectCoercer
Event: 1.695 loading class org/openqa/selenium/json/ObjectCoercer done
Event: 1.695 loading class org/openqa/selenium/json/InstanceCoercer
Event: 1.695 loading class org/openqa/selenium/json/InstanceCoercer done
Event: 1.696 Executing VM operation: CollectForMetadataAllocation
Event: 1.696 Executing VM operation: CollectForMetadataAllocation done
Event: 1.696 loading class org/openqa/selenium/json/JsonOutput
Event: 1.696 loading class org/openqa/selenium/json/JsonOutput done
Event: 1.697 loading class com/google/gson/JsonElement
Event: 1.697 loading class com/google/gson/JsonElement done


Dynamic libraries:
0x00007ff7a4b80000 - 0x00007ff7a4b8f000 	C:\Program Files\Java\jdk-11.0.16.1\bin\java.exe
0x00007fffca3b0000 - 0x00007fffca5a8000 	C:\WINDOWS\SYSTEM32\ntdll.dll
0x00007fffa69a0000 - 0x00007fffa69b7000 	C:\Program Files\Avast Software\Avast\aswhook.dll
0x00007fffc9e90000 - 0x00007fffc9f4f000 	C:\WINDOWS\System32\KERNEL32.DLL
0x00007fffc8010000 - 0x00007fffc82e2000 	C:\WINDOWS\System32\KERNELBASE.dll
0x00007fffc82f0000 - 0x00007fffc83f0000 	C:\WINDOWS\System32\ucrtbase.dll
0x00007fffa62f0000 - 0x00007fffa6308000 	C:\Program Files\Java\jdk-11.0.16.1\bin\jli.dll
0x00007fffab1a0000 - 0x00007fffab1b5000 	C:\Program Files\Java\jdk-11.0.16.1\bin\VCRUNTIME140.dll
0x00007fffc83f0000 - 0x00007fffc849e000 	C:\WINDOWS\System32\ADVAPI32.dll
0x00007fffca2d0000 - 0x00007fffca36e000 	C:\WINDOWS\System32\msvcrt.dll
0x00007fffc93d0000 - 0x00007fffc946c000 	C:\WINDOWS\System32\sechost.dll
0x00007fffc84a0000 - 0x00007fffc85c5000 	C:\WINDOWS\System32\RPCRT4.dll
0x00007fffc9ff0000 - 0x00007fffca191000 	C:\WINDOWS\System32\USER32.dll
0x00007fffc7dc0000 - 0x00007fffc7de2000 	C:\WINDOWS\System32\win32u.dll
0x00007fffc9a10000 - 0x00007fffc9a3b000 	C:\WINDOWS\System32\GDI32.dll
0x00007fffaef00000 - 0x00007fffaf19a000 	C:\WINDOWS\WinSxS\amd64_microsoft.windows.common-controls_6595b64144ccf1df_6.0.19041.1110_none_60b5254171f9507e\COMCTL32.dll
0x00007fffc7cb0000 - 0x00007fffc7dbf000 	C:\WINDOWS\System32\gdi32full.dll
0x00007fffc7c10000 - 0x00007fffc7cad000 	C:\WINDOWS\System32\msvcp_win.dll
0x00007fffc0880000 - 0x00007fffc088a000 	C:\WINDOWS\SYSTEM32\VERSION.dll
0x00007fffc9190000 - 0x00007fffc91c2000 	C:\WINDOWS\System32\IMM32.DLL
0x00007fffa47e0000 - 0x00007fffa487b000 	C:\Program Files\Java\jdk-11.0.16.1\bin\msvcp140.dll
0x00007fff31090000 - 0x00007fff31ba8000 	C:\Program Files\Java\jdk-11.0.16.1\bin\server\jvm.dll
0x00007fffc9fe0000 - 0x00007fffc9fe8000 	C:\WINDOWS\System32\PSAPI.DLL
0x00007fffc0560000 - 0x00007fffc0587000 	C:\WINDOWS\SYSTEM32\WINMM.dll
0x00007fffb6460000 - 0x00007fffb6469000 	C:\WINDOWS\SYSTEM32\WSOCK32.dll
0x00007fffc9530000 - 0x00007fffc959b000 	C:\WINDOWS\System32\WS2_32.dll
0x00007fffc62f0000 - 0x00007fffc6302000 	C:\WINDOWS\SYSTEM32\kernel.appcore.dll
0x00007fffa62e0000 - 0x00007fffa62f0000 	C:\Program Files\Java\jdk-11.0.16.1\bin\verify.dll
0x00007fffc58b0000 - 0x00007fffc5a94000 	C:\WINDOWS\SYSTEM32\DBGHELP.DLL
0x00007fffb9ee0000 - 0x00007fffb9f15000 	C:\WINDOWS\SYSTEM32\dbgcore.DLL
0x00007fffc7aa0000 - 0x00007fffc7b22000 	C:\WINDOWS\System32\bcryptPrimitives.dll
0x00007fffa55c0000 - 0x00007fffa55e8000 	C:\Program Files\Java\jdk-11.0.16.1\bin\java.dll
0x00007fffa62d0000 - 0x00007fffa62da000 	C:\Program Files\Java\jdk-11.0.16.1\bin\jimage.dll
0x00007fffc27a0000 - 0x00007fffc27ae000 	C:\Program Files\Java\jdk-11.0.16.1\bin\instrument.dll
0x00007fffa55a0000 - 0x00007fffa55b6000 	C:\Program Files\Java\jdk-11.0.16.1\bin\zip.dll
0x00007fffc89b0000 - 0x00007fffc90f4000 	C:\WINDOWS\System32\SHELL32.dll
0x00007fffc5b40000 - 0x00007fffc62d2000 	C:\WINDOWS\SYSTEM32\windows.storage.dll
0x00007fffc85f0000 - 0x00007fffc8945000 	C:\WINDOWS\System32\combase.dll
0x00007fffc7500000 - 0x00007fffc7530000 	C:\WINDOWS\SYSTEM32\Wldp.dll
0x00007fffc9de0000 - 0x00007fffc9e8d000 	C:\WINDOWS\System32\SHCORE.dll
0x00007fffc9bd0000 - 0x00007fffc9c25000 	C:\WINDOWS\System32\shlwapi.dll
0x00007fffc79e0000 - 0x00007fffc79ff000 	C:\WINDOWS\SYSTEM32\profapi.dll
0x00007fffa5580000 - 0x00007fffa5599000 	C:\Program Files\Java\jdk-11.0.16.1\bin\net.dll
0x00007fffc2940000 - 0x00007fffc2a4c000 	C:\WINDOWS\SYSTEM32\WINHTTP.dll
0x00007fffc7260000 - 0x00007fffc72ca000 	C:\WINDOWS\system32\mswsock.dll
0x00007fffa5560000 - 0x00007fffa5572000 	C:\Program Files\Java\jdk-11.0.16.1\bin\nio.dll
0x00007fffac4d0000 - 0x00007fffac4ea000 	D:\IntelliJ IDEA Community Edition 2022.2\bin\breakgen64.dll
0x00007fffc7450000 - 0x00007fffc7468000 	C:\WINDOWS\SYSTEM32\CRYPTSP.dll
0x00007fffc6b10000 - 0x00007fffc6b44000 	C:\WINDOWS\system32\rsaenh.dll
0x00007fffc7be0000 - 0x00007fffc7c07000 	C:\WINDOWS\System32\bcrypt.dll
0x00007fffc7960000 - 0x00007fffc798e000 	C:\WINDOWS\SYSTEM32\USERENV.dll
0x00007fffc7470000 - 0x00007fffc747c000 	C:\WINDOWS\SYSTEM32\CRYPTBASE.dll
0x00007fffc6f00000 - 0x00007fffc6f3b000 	C:\WINDOWS\SYSTEM32\IPHLPAPI.DLL
0x00007fffc9fd0000 - 0x00007fffc9fd8000 	C:\WINDOWS\System32\NSI.dll
0x00007fffc0c10000 - 0x00007fffc0c27000 	C:\WINDOWS\SYSTEM32\dhcpcsvc6.DLL
0x00007fffc0bf0000 - 0x00007fffc0c0d000 	C:\WINDOWS\SYSTEM32\dhcpcsvc.DLL
0x00007fffc6f40000 - 0x00007fffc700a000 	C:\WINDOWS\SYSTEM32\DNSAPI.dll
0x00007fffc0b70000 - 0x00007fffc0b7a000 	C:\Windows\System32\rasadhlp.dll
0x00007fffc05b0000 - 0x00007fffc0630000 	C:\WINDOWS\System32\fwpuclnt.dll
0x00007fffc4580000 - 0x00007fffc4611000 	C:\WINDOWS\system32\apphelp.dll
0x00007fffac4c0000 - 0x00007fffac4c9000 	C:\Program Files\Java\jdk-11.0.16.1\bin\management.dll
0x00007fffac4a0000 - 0x00007fffac4ab000 	C:\Program Files\Java\jdk-11.0.16.1\bin\management_ext.dll
0x00007fffac450000 - 0x00007fffac45d000 	C:\Program Files\Java\jdk-11.0.16.1\bin\sunmscapi.dll
0x00007fffc7df0000 - 0x00007fffc7f46000 	C:\WINDOWS\System32\CRYPT32.dll
0x00007fffc7570000 - 0x00007fffc7597000 	C:\WINDOWS\SYSTEM32\ncrypt.dll
0x00007fffc7530000 - 0x00007fffc756b000 	C:\WINDOWS\SYSTEM32\NTASN1.dll
0x00007fffab250000 - 0x00007fffab275000 	C:\Program Files\Java\jdk-11.0.16.1\bin\sunec.dll

dbghelp: loaded successfully - version: 4.0.5 - missing functions: none
symbol engine: initialized successfully - sym options: 0x614 - pdb path: .;C:\Program Files\Java\jdk-11.0.16.1\bin;C:\WINDOWS\SYSTEM32;C:\Program Files\Avast Software\Avast;C:\WINDOWS\WinSxS\amd64_microsoft.windows.common-controls_6595b64144ccf1df_6.0.19041.1110_none_60b5254171f9507e;C:\Program Files\Java\jdk-11.0.16.1\bin\server;D:\IntelliJ IDEA Community Edition 2022.2\bin

VM Arguments:
jvm_args: -ea -Didea.test.cyclic.buffer.size=1048576 -javaagent:D:\IntelliJ IDEA Community Edition 2022.2\lib\idea_rt.jar=54934:D:\IntelliJ IDEA Community Edition 2022.2\bin -Dfile.encoding=UTF-8 
java_command: com.intellij.rt.testng.RemoteTestNGStarter -usedefaultlisteners false -socket54933 @w@C:\Users\Asus\AppData\Local\Temp\idea_working_dirs_testng.tmp -temp C:\Users\Asus\AppData\Local\Temp\idea_testng.tmp
java_class_path (initial): D:\IntelliJ IDEA Community Edition 2022.2\lib\idea_rt.jar;D:\IntelliJ IDEA Community Edition 2022.2\plugins\testng\lib\testng-rt.jar;C:\Users\Asus\IdeaProjects\untitled2\target\classes;C:\Users\Asus\.m2\repository\org\seleniumhq\selenium\selenium-java\4.7.2\selenium-java-4.7.2.jar;C:\Users\Asus\.m2\repository\org\seleniumhq\selenium\selenium-api\4.7.2\selenium-api-4.7.2.jar;C:\Users\Asus\.m2\repository\org\seleniumhq\selenium\selenium-chrome-driver\4.7.2\selenium-chrome-driver-4.7.2.jar;C:\Users\Asus\.m2\repository\com\google\auto\service\auto-service-annotations\1.0.1\auto-service-annotations-1.0.1.jar;C:\Users\Asus\.m2\repository\com\google\auto\service\auto-service\1.0.1\auto-service-1.0.1.jar;C:\Users\Asus\.m2\repository\com\google\auto\auto-common\1.2\auto-common-1.2.jar;C:\Users\Asus\.m2\repository\com\google\guava\guava\31.1-jre\guava-31.1-jre.jar;C:\Users\Asus\.m2\repository\com\google\guava\failureaccess\1.0.1\failureaccess-1.0.1.jar;C:\Users\Asus\.m2\repository\com\google\guava\listenablefuture\9999.0-empty-to-avoid-conflict-with-guava\listenablefuture-9999.0-empty-to-avoid-conflict-with-guava.jar;C:\Users\Asus\.m2\repository\com\google\code\findbugs\jsr305\3.0.2\jsr305-3.0.2.jar;C:\Users\Asus\.m2\repository\org\checkerframework\checker-qual\3.12.0\checker-qual-3.12.0.jar;C:\Users\Asus\.m2\repository\com\google\errorprone\error_prone_annotations\2.11.0\error_prone_annotations-2.11.0.jar;C:\Users\Asus\.m2\repository\com\google\j2objc\j2objc-annotations\1.3\j2objc-annotations-1.3.jar;C:\Users\Asus\.m2\repository\org\seleniumhq\selenium\selenium-chromium-driver\4.7.2\selenium-chromium-driver-4.7.2.jar;C:\Users\Asus\.m2\repository\org\seleniumhq\selenium\selenium-json\4.7.2\selenium-json-4.7.2.jar;C:\Users\Asus\.m2\repository\org\seleniumhq\selenium\selenium-devtools-v106\4.7.2\selenium-devtools-v106-4.7.2.jar;C:\Users\Asus\.m2\repository\org\seleniumhq\selenium\selenium-devtools-v107\4.7.2\selenium-devtools-v107-4.7.2.jar;C:\Users
Launcher Type: SUN_STANDARD

[Global flags]
     intx CICompilerCount                          = 12                                        {product} {ergonomic}
     uint ConcGCThreads                            = 3                                         {product} {ergonomic}
     uint G1ConcRefinementThreads                  = 13                                        {product} {ergonomic}
   size_t G1HeapRegionSize                         = 1048576                                   {product} {ergonomic}
    uintx GCDrainStackTargetSize                   = 64                                        {product} {ergonomic}
   size_t InitialHeapSize                          = 260046848                                 {product} {ergonomic}
   size_t MarkStackSize                            = 4194304                                   {product} {ergonomic}
   size_t MaxHeapSize                              = 4141875200                                {product} {ergonomic}
   size_t MaxNewSize                               = 2485125120                                {product} {ergonomic}
   size_t MinHeapDeltaBytes                        = 1048576                                   {product} {ergonomic}
    uintx NonNMethodCodeHeapSize                   = 7594288                                {pd product} {ergonomic}
    uintx NonProfiledCodeHeapSize                  = 122031976                              {pd product} {ergonomic}
    uintx ProfiledCodeHeapSize                     = 122031976                              {pd product} {ergonomic}
    uintx ReservedCodeCacheSize                    = 251658240                              {pd product} {ergonomic}
     bool SegmentedCodeCache                       = true                                      {product} {ergonomic}
     bool UseCompressedClassPointers               = true                                 {lp64_product} {ergonomic}
     bool UseCompressedOops                        = true                                 {lp64_product} {ergonomic}
     bool UseG1GC                                  = true                                      {product} {ergonomic}
     bool UseLargePagesIndividualAllocation        = false                                  {pd product} {ergonomic}

Logging:
Log output configuration:
 #0: stdout all=warning uptime,level,tags
 #1: stderr all=off uptime,level,tags

Environment Variables:
JAVA_HOME=C:\Program Files\Java\jdk-11.0.16.1
PATH=C:\Program Files\Common Files\Oracle\Java\javapath;C:\WINDOWS\system32;C:\WINDOWS;C:\WINDOWS\System32\Wbem;C:\WINDOWS\System32\WindowsPowerShell\v1.0\;C:\WINDOWS\System32\OpenSSH\;C:\Program Files\Git\cmd;C:\Program Files\Java\jdk-11.0.16.1\bin;C:\Program Files\apache-maven-4.0.0-alpha-3\bin;C:\Users\Asus\AppData\Local\Microsoft\WindowsApps;;D:\IntelliJ IDEA Community Edition 2022.2\bin;;C:\Users\Asus\AppData\Local\Programs\Microsoft VS Code\bin
USERNAME=Asus
OS=Windows_NT
PROCESSOR_IDENTIFIER=AMD64 Family 23 Model 96 Stepping 1, AuthenticAMD



---------------  S Y S T E M  ---------------

OS: Windows 10 , 64 bit Build 19041 (10.0.19041.2364)

CPU:total 16 (initial active 16) (16 cores per cpu, 2 threads per core) family 23 model 96 stepping 1 microcode 0x0, cmov, cx8, fxsr, mmx, sse, sse2, sse3, ssse3, sse4.1, sse4.2, popcnt, avx, avx2, aes, clmul, mmxext, 3dnowpref, lzcnt, sse4a, ht, tsc, tscinvbit, tscinv, bmi1, bmi2, adx, 

Memory: 4k page, system-wide physical 15792M (5886M free)
TotalPageFile size 16592M (AvailPageFile size 0M)
current process WorkingSet (physical memory assigned to process): 132M, peak: 132M
current process commit charge ("private bytes"): 388M, peak: 388M

vm_info: Java HotSpot(TM) 64-Bit Server VM (11.0.16.1+1-LTS-1) for windows-amd64 JRE (11.0.16.1+1-LTS-1), built on Aug 16 2022 01:46:01 by "mach5one" with MS VC++ 15.9 (VS2017)

END.
